c:\users\user\source\repos\project2\project2\debug\vc141.pdb
c:\users\user\source\repos\project2\project2\debug\vc141.idb
c:\users\user\source\repos\project2\project2\debug\vertexshader.obj
c:\users\user\source\repos\project2\project2\debug\vertexcompile.obj
c:\users\user\source\repos\project2\project2\debug\stbihead.obj
c:\users\user\source\repos\project2\project2\debug\source3.obj
c:\users\user\source\repos\project2\project2\debug\fragmentshader.obj
c:\users\user\source\repos\project2\project2\debug\fragmentcompile.obj
c:\users\user\source\repos\project2\project2\debug\matrix.obj
c:\users\user\source\repos\project2\project2\debug\enginemath.obj
c:\users\user\source\repos\project2\project2\debug\degree_radians.obj
c:\users\user\source\repos\project2\debug\traingle_opengl_mixed.pdb
c:\users\user\source\repos\project2\project2\debug\traingle.aea17261.tlog\cl.command.1.tlog
c:\users\user\source\repos\project2\project2\debug\traingle.aea17261.tlog\cl.read.1.tlog
c:\users\user\source\repos\project2\project2\debug\traingle.aea17261.tlog\cl.write.1.tlog
c:\users\user\source\repos\project2\project2\debug\traingle.aea17261.tlog\link-cvtres.read.1.tlog
c:\users\user\source\repos\project2\project2\debug\traingle.aea17261.tlog\link-cvtres.write.1.tlog
c:\users\user\source\repos\project2\project2\debug\traingle.aea17261.tlog\link-rc.read.1.tlog
c:\users\user\source\repos\project2\project2\debug\traingle.aea17261.tlog\link-rc.write.1.tlog
c:\users\user\source\repos\project2\project2\debug\traingle.aea17261.tlog\link.command.1.tlog
c:\users\user\source\repos\project2\project2\debug\traingle.aea17261.tlog\link.read.1.tlog
c:\users\user\source\repos\project2\project2\debug\traingle.aea17261.tlog\link.write.1.tlog
